<?xml version="1.0" encoding="UTF-8"?>
<testsuite xmlns:xsi="http://www.w3.org/2001/XMLSchema-instance" xsi:noNamespaceSchemaLocation="https://maven.apache.org/surefire/maven-surefire-plugin/xsd/surefire-test-report-3.0.xsd" version="3.0" name="simulations.ReadStressTest" time="0.004" tests="0" errors="0" skipped="0" failures="0">
  <properties>
    <property name="java.specification.version" value="24"/>
    <property name="sun.jnu.encoding" value="UTF-8"/>
    <property name="java.class.path" value="/Users/jrudd/Desktop/TS_ST_REPO/ToolSurvey-StressTesting/ToolSurvey-StressTesting/testing/Gatling/gatling-testing/target/test-classes:/Users/jrudd/Desktop/TS_ST_REPO/ToolSurvey-StressTesting/ToolSurvey-StressTesting/testing/Gatling/gatling-testing/target/classes:/Users/jrudd/.m2/repository/io/gatling/highcharts/gatling-charts-highcharts/3.13.5/gatling-charts-highcharts-3.13.5.jar:/Users/jrudd/.m2/repository/org/scala-lang/scala-library/2.13.16/scala-library-2.13.16.jar:/Users/jrudd/.m2/repository/io/gatling/gatling-app/3.13.5/gatling-app-3.13.5.jar:/Users/jrudd/.m2/repository/io/gatling/gatling-core/3.13.5/gatling-core-3.13.5.jar:/Users/jrudd/.m2/repository/io/gatling/gatling-netty-util/3.13.5/gatling-netty-util-3.13.5.jar:/Users/jrudd/.m2/repository/io/gatling/gatling-shared-util_2.13/0.0.12/gatling-shared-util_2.13-0.0.12.jar:/Users/jrudd/.m2/repository/org/scala-lang/modules/scala-collection-compat_2.13/2.12.0/scala-collection-compat_2.13-2.12.0.jar:/Users/jrudd/.m2/repository/io/netty/netty-transport-native-epoll/4.1.119.Final/netty-transport-native-epoll-4.1.119.Final-linux-x86_64.jar:/Users/jrudd/.m2/repository/io/netty/netty-transport-classes-epoll/4.1.119.Final/netty-transport-classes-epoll-4.1.119.Final.jar:/Users/jrudd/.m2/repository/io/netty/netty-transport-native-epoll/4.1.119.Final/netty-transport-native-epoll-4.1.119.Final-linux-aarch_64.jar:/Users/jrudd/.m2/repository/io/netty/incubator/netty-incubator-transport-native-io_uring/0.0.26.Final/netty-incubator-transport-native-io_uring-0.0.26.Final-linux-x86_64.jar:/Users/jrudd/.m2/repository/io/netty/incubator/netty-incubator-transport-classes-io_uring/0.0.26.Final/netty-incubator-transport-classes-io_uring-0.0.26.Final.jar:/Users/jrudd/.m2/repository/io/netty/incubator/netty-incubator-transport-native-io_uring/0.0.26.Final/netty-incubator-transport-native-io_uring-0.0.26.Final-linux-aarch_64.jar:/Users/jrudd/.m2/repository/io/gatling/gatling-quicklens/3.13.5/gatling-quicklens-3.13.5.jar:/Users/jrudd/.m2/repository/io/gatling/gatling-commons/3.13.5/gatling-commons-3.13.5.jar:/Users/jrudd/.m2/repository/com/typesafe/config/1.4.3/config-1.4.3.jar:/Users/jrudd/.m2/repository/io/github/metarank/cfor_2.13/0.3/cfor_2.13-0.3.jar:/Users/jrudd/.m2/repository/org/scala-lang/scala-reflect/2.13.10/scala-reflect-2.13.10.jar:/Users/jrudd/.m2/repository/org/slf4j/slf4j-api/2.0.17/slf4j-api-2.0.17.jar:/Users/jrudd/.m2/repository/com/typesafe/scala-logging/scala-logging_2.13/3.9.5/scala-logging_2.13-3.9.5.jar:/Users/jrudd/.m2/repository/ch/qos/logback/logback-classic/1.5.17/logback-classic-1.5.17.jar:/Users/jrudd/.m2/repository/ch/qos/logback/logback-core/1.5.17/logback-core-1.5.17.jar:/Users/jrudd/.m2/repository/io/gatling/gatling-jsonpath/3.13.5/gatling-jsonpath-3.13.5.jar:/Users/jrudd/.m2/repository/io/gatling/gatling-shared-model_2.13/0.0.11/gatling-shared-model_2.13-0.0.11.jar:/Users/jrudd/.m2/repository/io/suzaku/boopickle_2.13/1.5.0/boopickle_2.13-1.5.0.jar:/Users/jrudd/.m2/repository/org/simpleflatmapper/lightning-csv/9.0.2/lightning-csv-9.0.2.jar:/Users/jrudd/.m2/repository/org/simpleflatmapper/sfm-util/9.0.2/sfm-util-9.0.2.jar:/Users/jrudd/.m2/repository/com/github/ben-manes/caffeine/caffeine/3.2.0/caffeine-3.2.0.jar:/Users/jrudd/.m2/repository/org/jspecify/jspecify/1.0.0/jspecify-1.0.0.jar:/Users/jrudd/.m2/repository/com/google/errorprone/error_prone_annotations/2.36.0/error_prone_annotations-2.36.0.jar:/Users/jrudd/.m2/repository/io/pebbletemplates/pebble/3.2.3/pebble-3.2.3.jar:/Users/jrudd/.m2/repository/org/unbescape/unbescape/1.1.6.RELEASE/unbescape-1.1.6.RELEASE.jar:/Users/jrudd/.m2/repository/org/scala-lang/modules/scala-parser-combinators_2.13/2.4.0/scala-parser-combinators_2.13-2.4.0.jar:/Users/jrudd/.m2/repository/com/github/scopt/scopt_2.13/3.7.1/scopt_2.13-3.7.1.jar:/Users/jrudd/.m2/repository/io/netty/netty-handler/4.1.119.Final/netty-handler-4.1.119.Final.jar:/Users/jrudd/.m2/repository/io/netty/netty-resolver/4.1.119.Final/netty-resolver-4.1.119.Final.jar:/Users/jrudd/.m2/repository/io/netty/netty-transport-native-unix-common/4.1.119.Final/netty-transport-native-unix-common-4.1.119.Final.jar:/Users/jrudd/.m2/repository/io/netty/netty-tcnative-classes/2.0.70.Final/netty-tcnative-classes-2.0.70.Final.jar:/Users/jrudd/.m2/repository/io/netty/netty-tcnative-boringssl-static/2.0.70.Final/netty-tcnative-boringssl-static-2.0.70.Final.jar:/Users/jrudd/.m2/repository/io/netty/netty-tcnative-boringssl-static/2.0.70.Final/netty-tcnative-boringssl-static-2.0.70.Final-linux-x86_64.jar:/Users/jrudd/.m2/repository/io/netty/netty-tcnative-boringssl-static/2.0.70.Final/netty-tcnative-boringssl-static-2.0.70.Final-linux-aarch_64.jar:/Users/jrudd/.m2/repository/io/netty/netty-tcnative-boringssl-static/2.0.70.Final/netty-tcnative-boringssl-static-2.0.70.Final-osx-x86_64.jar:/Users/jrudd/.m2/repository/io/netty/netty-tcnative-boringssl-static/2.0.70.Final/netty-tcnative-boringssl-static-2.0.70.Final-osx-aarch_64.jar:/Users/jrudd/.m2/repository/io/netty/netty-tcnative-boringssl-static/2.0.70.Final/netty-tcnative-boringssl-static-2.0.70.Final-windows-x86_64.jar:/Users/jrudd/.m2/repository/net/sf/saxon/Saxon-HE/12.5/Saxon-HE-12.5.jar:/Users/jrudd/.m2/repository/org/xmlresolver/xmlresolver/6.0.12/xmlresolver-6.0.12.jar:/Users/jrudd/.m2/repository/org/xmlresolver/xmlresolver/6.0.12/xmlresolver-6.0.12-data.jar:/Users/jrudd/.m2/repository/org/jodd/jodd-lagarto/6.0.6/jodd-lagarto-6.0.6.jar:/Users/jrudd/.m2/repository/org/jodd/jodd-util/6.3.0/jodd-util-6.3.0.jar:/Users/jrudd/.m2/repository/io/burt/jmespath-jackson/0.6.0/jmespath-jackson-0.6.0.jar:/Users/jrudd/.m2/repository/io/burt/jmespath-core/0.6.0/jmespath-core-0.6.0.jar:/Users/jrudd/.m2/repository/io/gatling/gatling-core-java/3.13.5/gatling-core-java-3.13.5.jar:/Users/jrudd/.m2/repository/net/jodah/typetools/0.6.3/typetools-0.6.3.jar:/Users/jrudd/.m2/repository/com/github/spotbugs/spotbugs-annotations/4.9.2/spotbugs-annotations-4.9.2.jar:/Users/jrudd/.m2/repository/com/google/code/findbugs/jsr305/3.0.2/jsr305-3.0.2.jar:/Users/jrudd/.m2/repository/io/gatling/gatling-http/3.13.5/gatling-http-3.13.5.jar:/Users/jrudd/.m2/repository/io/gatling/gatling-http-client/3.13.5/gatling-http-client-3.13.5.jar:/Users/jrudd/.m2/repository/io/netty/netty-handler-proxy/4.1.119.Final/netty-handler-proxy-4.1.119.Final.jar:/Users/jrudd/.m2/repository/io/netty/netty-codec-socks/4.1.119.Final/netty-codec-socks-4.1.119.Final.jar:/Users/jrudd/.m2/repository/io/netty/netty-resolver-dns/4.1.119.Final/netty-resolver-dns-4.1.119.Final.jar:/Users/jrudd/.m2/repository/io/netty/netty-codec-dns/4.1.119.Final/netty-codec-dns-4.1.119.Final.jar:/Users/jrudd/.m2/repository/io/netty/netty-codec-http2/4.1.119.Final/netty-codec-http2-4.1.119.Final.jar:/Users/jrudd/.m2/repository/io/netty/netty-resolver-dns-native-macos/4.1.119.Final/netty-resolver-dns-native-macos-4.1.119.Final-osx-x86_64.jar:/Users/jrudd/.m2/repository/io/netty/netty-resolver-dns-classes-macos/4.1.119.Final/netty-resolver-dns-classes-macos-4.1.119.Final.jar:/Users/jrudd/.m2/repository/io/netty/netty-resolver-dns-native-macos/4.1.119.Final/netty-resolver-dns-native-macos-4.1.119.Final-osx-aarch_64.jar:/Users/jrudd/.m2/repository/com/aayushatharva/brotli4j/brotli4j/1.18.0/brotli4j-1.18.0.jar:/Users/jrudd/.m2/repository/com/aayushatharva/brotli4j/service/1.18.0/service-1.18.0.jar:/Users/jrudd/.m2/repository/com/aayushatharva/brotli4j/native-linux-x86_64/1.18.0/native-linux-x86_64-1.18.0.jar:/Users/jrudd/.m2/repository/com/aayushatharva/brotli4j/native-linux-aarch64/1.18.0/native-linux-aarch64-1.18.0.jar:/Users/jrudd/.m2/repository/com/aayushatharva/brotli4j/native-osx-x86_64/1.18.0/native-osx-x86_64-1.18.0.jar:/Users/jrudd/.m2/repository/com/aayushatharva/brotli4j/native-osx-aarch64/1.18.0/native-osx-aarch64-1.18.0.jar:/Users/jrudd/.m2/repository/com/aayushatharva/brotli4j/native-windows-x86_64/1.18.0/native-windows-x86_64-1.18.0.jar:/Users/jrudd/.m2/repository/io/gatling/gatling-http-java/3.13.5/gatling-http-java-3.13.5.jar:/Users/jrudd/.m2/repository/io/gatling/gatling-jms/3.13.5/gatling-jms-3.13.5.jar:/Users/jrudd/.m2/repository/javax/jms/javax.jms-api/2.0.1/javax.jms-api-2.0.1.jar:/Users/jrudd/.m2/repository/com/eatthepath/fast-uuid/0.2.0/fast-uuid-0.2.0.jar:/Users/jrudd/.m2/repository/io/gatling/gatling-jms-java/3.13.5/gatling-jms-java-3.13.5.jar:/Users/jrudd/.m2/repository/io/gatling/gatling-jdbc/3.13.5/gatling-jdbc-3.13.5.jar:/Users/jrudd/.m2/repository/io/gatling/gatling-jdbc-java/3.13.5/gatling-jdbc-java-3.13.5.jar:/Users/jrudd/.m2/repository/io/gatling/gatling-redis/3.13.5/gatling-redis-3.13.5.jar:/Users/jrudd/.m2/repository/net/debasishg/redisclient_2.13/3.42/redisclient_2.13-3.42.jar:/Users/jrudd/.m2/repository/org/apache/commons/commons-pool2/2.8.0/commons-pool2-2.8.0.jar:/Users/jrudd/.m2/repository/io/gatling/gatling-redis-java/3.13.5/gatling-redis-java-3.13.5.jar:/Users/jrudd/.m2/repository/io/gatling/gatling-charts/3.13.5/gatling-charts-3.13.5.jar:/Users/jrudd/.m2/repository/com/tdunning/t-digest/3.3/t-digest-3.3.jar:/Users/jrudd/.m2/repository/io/gatling/gatling-recorder/3.13.5/gatling-recorder-3.13.5.jar:/Users/jrudd/.m2/repository/io/gatling/gatling-shared-cli/0.0.6/gatling-shared-cli-0.0.6.jar:/Users/jrudd/.m2/repository/org/scala-lang/modules/scala-swing_2.13/3.0.0/scala-swing_2.13-3.0.0.jar:/Users/jrudd/.m2/repository/com/fasterxml/jackson/core/jackson-databind/2.18.3/jackson-databind-2.18.3.jar:/Users/jrudd/.m2/repository/com/fasterxml/jackson/core/jackson-annotations/2.18.3/jackson-annotations-2.18.3.jar:/Users/jrudd/.m2/repository/com/fasterxml/jackson/core/jackson-core/2.18.3/jackson-core-2.18.3.jar:/Users/jrudd/.m2/repository/io/gatling/gatling-recorder-bc-shaded/1.80.0/gatling-recorder-bc-shaded-1.80.0.jar:/Users/jrudd/.m2/repository/io/netty/netty-codec-http/4.1.119.Final/netty-codec-http-4.1.119.Final.jar:/Users/jrudd/.m2/repository/io/netty/netty-common/4.1.119.Final/netty-common-4.1.119.Final.jar:/Users/jrudd/.m2/repository/io/netty/netty-buffer/4.1.119.Final/netty-buffer-4.1.119.Final.jar:/Users/jrudd/.m2/repository/io/netty/netty-transport/4.1.119.Final/netty-transport-4.1.119.Final.jar:/Users/jrudd/.m2/repository/io/netty/netty-codec/4.1.119.Final/netty-codec-4.1.119.Final.jar:"/>
    <property name="java.vm.vendor" value="Homebrew"/>
    <property name="sun.arch.data.model" value="64"/>
    <property name="java.vendor.url" value="https://github.com/Homebrew/homebrew-core/issues"/>
    <property name="os.name" value="Mac OS X"/>
    <property name="java.vm.specification.version" value="24"/>
    <property name="sun.java.launcher" value="SUN_STANDARD"/>
    <property name="user.country" value="US"/>
    <property name="sun.boot.library.path" value="/opt/homebrew/Cellar/openjdk/24.0.1/libexec/openjdk.jdk/Contents/Home/lib"/>
    <property name="sun.java.command" value="/Users/jrudd/Desktop/TS_ST_REPO/ToolSurvey-StressTesting/ToolSurvey-StressTesting/testing/Gatling/gatling-testing/target/surefire/surefirebooter-20250706214407237_3.jar /Users/jrudd/Desktop/TS_ST_REPO/ToolSurvey-StressTesting/ToolSurvey-StressTesting/testing/Gatling/gatling-testing/target/surefire 2025-07-06T21-44-06_840-jvmRun1 surefire-20250706214407237_1tmp surefire_0-20250706214407237_2tmp"/>
    <property name="http.nonProxyHosts" value="local|*.local|169.254/16|*.169.254/16"/>
    <property name="jdk.debug" value="release"/>
    <property name="surefire.test.class.path" value="/Users/jrudd/Desktop/TS_ST_REPO/ToolSurvey-StressTesting/ToolSurvey-StressTesting/testing/Gatling/gatling-testing/target/test-classes:/Users/jrudd/Desktop/TS_ST_REPO/ToolSurvey-StressTesting/ToolSurvey-StressTesting/testing/Gatling/gatling-testing/target/classes:/Users/jrudd/.m2/repository/io/gatling/highcharts/gatling-charts-highcharts/3.13.5/gatling-charts-highcharts-3.13.5.jar:/Users/jrudd/.m2/repository/org/scala-lang/scala-library/2.13.16/scala-library-2.13.16.jar:/Users/jrudd/.m2/repository/io/gatling/gatling-app/3.13.5/gatling-app-3.13.5.jar:/Users/jrudd/.m2/repository/io/gatling/gatling-core/3.13.5/gatling-core-3.13.5.jar:/Users/jrudd/.m2/repository/io/gatling/gatling-netty-util/3.13.5/gatling-netty-util-3.13.5.jar:/Users/jrudd/.m2/repository/io/gatling/gatling-shared-util_2.13/0.0.12/gatling-shared-util_2.13-0.0.12.jar:/Users/jrudd/.m2/repository/org/scala-lang/modules/scala-collection-compat_2.13/2.12.0/scala-collection-compat_2.13-2.12.0.jar:/Users/jrudd/.m2/repository/io/netty/netty-transport-native-epoll/4.1.119.Final/netty-transport-native-epoll-4.1.119.Final-linux-x86_64.jar:/Users/jrudd/.m2/repository/io/netty/netty-transport-classes-epoll/4.1.119.Final/netty-transport-classes-epoll-4.1.119.Final.jar:/Users/jrudd/.m2/repository/io/netty/netty-transport-native-epoll/4.1.119.Final/netty-transport-native-epoll-4.1.119.Final-linux-aarch_64.jar:/Users/jrudd/.m2/repository/io/netty/incubator/netty-incubator-transport-native-io_uring/0.0.26.Final/netty-incubator-transport-native-io_uring-0.0.26.Final-linux-x86_64.jar:/Users/jrudd/.m2/repository/io/netty/incubator/netty-incubator-transport-classes-io_uring/0.0.26.Final/netty-incubator-transport-classes-io_uring-0.0.26.Final.jar:/Users/jrudd/.m2/repository/io/netty/incubator/netty-incubator-transport-native-io_uring/0.0.26.Final/netty-incubator-transport-native-io_uring-0.0.26.Final-linux-aarch_64.jar:/Users/jrudd/.m2/repository/io/gatling/gatling-quicklens/3.13.5/gatling-quicklens-3.13.5.jar:/Users/jrudd/.m2/repository/io/gatling/gatling-commons/3.13.5/gatling-commons-3.13.5.jar:/Users/jrudd/.m2/repository/com/typesafe/config/1.4.3/config-1.4.3.jar:/Users/jrudd/.m2/repository/io/github/metarank/cfor_2.13/0.3/cfor_2.13-0.3.jar:/Users/jrudd/.m2/repository/org/scala-lang/scala-reflect/2.13.10/scala-reflect-2.13.10.jar:/Users/jrudd/.m2/repository/org/slf4j/slf4j-api/2.0.17/slf4j-api-2.0.17.jar:/Users/jrudd/.m2/repository/com/typesafe/scala-logging/scala-logging_2.13/3.9.5/scala-logging_2.13-3.9.5.jar:/Users/jrudd/.m2/repository/ch/qos/logback/logback-classic/1.5.17/logback-classic-1.5.17.jar:/Users/jrudd/.m2/repository/ch/qos/logback/logback-core/1.5.17/logback-core-1.5.17.jar:/Users/jrudd/.m2/repository/io/gatling/gatling-jsonpath/3.13.5/gatling-jsonpath-3.13.5.jar:/Users/jrudd/.m2/repository/io/gatling/gatling-shared-model_2.13/0.0.11/gatling-shared-model_2.13-0.0.11.jar:/Users/jrudd/.m2/repository/io/suzaku/boopickle_2.13/1.5.0/boopickle_2.13-1.5.0.jar:/Users/jrudd/.m2/repository/org/simpleflatmapper/lightning-csv/9.0.2/lightning-csv-9.0.2.jar:/Users/jrudd/.m2/repository/org/simpleflatmapper/sfm-util/9.0.2/sfm-util-9.0.2.jar:/Users/jrudd/.m2/repository/com/github/ben-manes/caffeine/caffeine/3.2.0/caffeine-3.2.0.jar:/Users/jrudd/.m2/repository/org/jspecify/jspecify/1.0.0/jspecify-1.0.0.jar:/Users/jrudd/.m2/repository/com/google/errorprone/error_prone_annotations/2.36.0/error_prone_annotations-2.36.0.jar:/Users/jrudd/.m2/repository/io/pebbletemplates/pebble/3.2.3/pebble-3.2.3.jar:/Users/jrudd/.m2/repository/org/unbescape/unbescape/1.1.6.RELEASE/unbescape-1.1.6.RELEASE.jar:/Users/jrudd/.m2/repository/org/scala-lang/modules/scala-parser-combinators_2.13/2.4.0/scala-parser-combinators_2.13-2.4.0.jar:/Users/jrudd/.m2/repository/com/github/scopt/scopt_2.13/3.7.1/scopt_2.13-3.7.1.jar:/Users/jrudd/.m2/repository/io/netty/netty-handler/4.1.119.Final/netty-handler-4.1.119.Final.jar:/Users/jrudd/.m2/repository/io/netty/netty-resolver/4.1.119.Final/netty-resolver-4.1.119.Final.jar:/Users/jrudd/.m2/repository/io/netty/netty-transport-native-unix-common/4.1.119.Final/netty-transport-native-unix-common-4.1.119.Final.jar:/Users/jrudd/.m2/repository/io/netty/netty-tcnative-classes/2.0.70.Final/netty-tcnative-classes-2.0.70.Final.jar:/Users/jrudd/.m2/repository/io/netty/netty-tcnative-boringssl-static/2.0.70.Final/netty-tcnative-boringssl-static-2.0.70.Final.jar:/Users/jrudd/.m2/repository/io/netty/netty-tcnative-boringssl-static/2.0.70.Final/netty-tcnative-boringssl-static-2.0.70.Final-linux-x86_64.jar:/Users/jrudd/.m2/repository/io/netty/netty-tcnative-boringssl-static/2.0.70.Final/netty-tcnative-boringssl-static-2.0.70.Final-linux-aarch_64.jar:/Users/jrudd/.m2/repository/io/netty/netty-tcnative-boringssl-static/2.0.70.Final/netty-tcnative-boringssl-static-2.0.70.Final-osx-x86_64.jar:/Users/jrudd/.m2/repository/io/netty/netty-tcnative-boringssl-static/2.0.70.Final/netty-tcnative-boringssl-static-2.0.70.Final-osx-aarch_64.jar:/Users/jrudd/.m2/repository/io/netty/netty-tcnative-boringssl-static/2.0.70.Final/netty-tcnative-boringssl-static-2.0.70.Final-windows-x86_64.jar:/Users/jrudd/.m2/repository/net/sf/saxon/Saxon-HE/12.5/Saxon-HE-12.5.jar:/Users/jrudd/.m2/repository/org/xmlresolver/xmlresolver/6.0.12/xmlresolver-6.0.12.jar:/Users/jrudd/.m2/repository/org/xmlresolver/xmlresolver/6.0.12/xmlresolver-6.0.12-data.jar:/Users/jrudd/.m2/repository/org/jodd/jodd-lagarto/6.0.6/jodd-lagarto-6.0.6.jar:/Users/jrudd/.m2/repository/org/jodd/jodd-util/6.3.0/jodd-util-6.3.0.jar:/Users/jrudd/.m2/repository/io/burt/jmespath-jackson/0.6.0/jmespath-jackson-0.6.0.jar:/Users/jrudd/.m2/repository/io/burt/jmespath-core/0.6.0/jmespath-core-0.6.0.jar:/Users/jrudd/.m2/repository/io/gatling/gatling-core-java/3.13.5/gatling-core-java-3.13.5.jar:/Users/jrudd/.m2/repository/net/jodah/typetools/0.6.3/typetools-0.6.3.jar:/Users/jrudd/.m2/repository/com/github/spotbugs/spotbugs-annotations/4.9.2/spotbugs-annotations-4.9.2.jar:/Users/jrudd/.m2/repository/com/google/code/findbugs/jsr305/3.0.2/jsr305-3.0.2.jar:/Users/jrudd/.m2/repository/io/gatling/gatling-http/3.13.5/gatling-http-3.13.5.jar:/Users/jrudd/.m2/repository/io/gatling/gatling-http-client/3.13.5/gatling-http-client-3.13.5.jar:/Users/jrudd/.m2/repository/io/netty/netty-handler-proxy/4.1.119.Final/netty-handler-proxy-4.1.119.Final.jar:/Users/jrudd/.m2/repository/io/netty/netty-codec-socks/4.1.119.Final/netty-codec-socks-4.1.119.Final.jar:/Users/jrudd/.m2/repository/io/netty/netty-resolver-dns/4.1.119.Final/netty-resolver-dns-4.1.119.Final.jar:/Users/jrudd/.m2/repository/io/netty/netty-codec-dns/4.1.119.Final/netty-codec-dns-4.1.119.Final.jar:/Users/jrudd/.m2/repository/io/netty/netty-codec-http2/4.1.119.Final/netty-codec-http2-4.1.119.Final.jar:/Users/jrudd/.m2/repository/io/netty/netty-resolver-dns-native-macos/4.1.119.Final/netty-resolver-dns-native-macos-4.1.119.Final-osx-x86_64.jar:/Users/jrudd/.m2/repository/io/netty/netty-resolver-dns-classes-macos/4.1.119.Final/netty-resolver-dns-classes-macos-4.1.119.Final.jar:/Users/jrudd/.m2/repository/io/netty/netty-resolver-dns-native-macos/4.1.119.Final/netty-resolver-dns-native-macos-4.1.119.Final-osx-aarch_64.jar:/Users/jrudd/.m2/repository/com/aayushatharva/brotli4j/brotli4j/1.18.0/brotli4j-1.18.0.jar:/Users/jrudd/.m2/repository/com/aayushatharva/brotli4j/service/1.18.0/service-1.18.0.jar:/Users/jrudd/.m2/repository/com/aayushatharva/brotli4j/native-linux-x86_64/1.18.0/native-linux-x86_64-1.18.0.jar:/Users/jrudd/.m2/repository/com/aayushatharva/brotli4j/native-linux-aarch64/1.18.0/native-linux-aarch64-1.18.0.jar:/Users/jrudd/.m2/repository/com/aayushatharva/brotli4j/native-osx-x86_64/1.18.0/native-osx-x86_64-1.18.0.jar:/Users/jrudd/.m2/repository/com/aayushatharva/brotli4j/native-osx-aarch64/1.18.0/native-osx-aarch64-1.18.0.jar:/Users/jrudd/.m2/repository/com/aayushatharva/brotli4j/native-windows-x86_64/1.18.0/native-windows-x86_64-1.18.0.jar:/Users/jrudd/.m2/repository/io/gatling/gatling-http-java/3.13.5/gatling-http-java-3.13.5.jar:/Users/jrudd/.m2/repository/io/gatling/gatling-jms/3.13.5/gatling-jms-3.13.5.jar:/Users/jrudd/.m2/repository/javax/jms/javax.jms-api/2.0.1/javax.jms-api-2.0.1.jar:/Users/jrudd/.m2/repository/com/eatthepath/fast-uuid/0.2.0/fast-uuid-0.2.0.jar:/Users/jrudd/.m2/repository/io/gatling/gatling-jms-java/3.13.5/gatling-jms-java-3.13.5.jar:/Users/jrudd/.m2/repository/io/gatling/gatling-jdbc/3.13.5/gatling-jdbc-3.13.5.jar:/Users/jrudd/.m2/repository/io/gatling/gatling-jdbc-java/3.13.5/gatling-jdbc-java-3.13.5.jar:/Users/jrudd/.m2/repository/io/gatling/gatling-redis/3.13.5/gatling-redis-3.13.5.jar:/Users/jrudd/.m2/repository/net/debasishg/redisclient_2.13/3.42/redisclient_2.13-3.42.jar:/Users/jrudd/.m2/repository/org/apache/commons/commons-pool2/2.8.0/commons-pool2-2.8.0.jar:/Users/jrudd/.m2/repository/io/gatling/gatling-redis-java/3.13.5/gatling-redis-java-3.13.5.jar:/Users/jrudd/.m2/repository/io/gatling/gatling-charts/3.13.5/gatling-charts-3.13.5.jar:/Users/jrudd/.m2/repository/com/tdunning/t-digest/3.3/t-digest-3.3.jar:/Users/jrudd/.m2/repository/io/gatling/gatling-recorder/3.13.5/gatling-recorder-3.13.5.jar:/Users/jrudd/.m2/repository/io/gatling/gatling-shared-cli/0.0.6/gatling-shared-cli-0.0.6.jar:/Users/jrudd/.m2/repository/org/scala-lang/modules/scala-swing_2.13/3.0.0/scala-swing_2.13-3.0.0.jar:/Users/jrudd/.m2/repository/com/fasterxml/jackson/core/jackson-databind/2.18.3/jackson-databind-2.18.3.jar:/Users/jrudd/.m2/repository/com/fasterxml/jackson/core/jackson-annotations/2.18.3/jackson-annotations-2.18.3.jar:/Users/jrudd/.m2/repository/com/fasterxml/jackson/core/jackson-core/2.18.3/jackson-core-2.18.3.jar:/Users/jrudd/.m2/repository/io/gatling/gatling-recorder-bc-shaded/1.80.0/gatling-recorder-bc-shaded-1.80.0.jar:/Users/jrudd/.m2/repository/io/netty/netty-codec-http/4.1.119.Final/netty-codec-http-4.1.119.Final.jar:/Users/jrudd/.m2/repository/io/netty/netty-common/4.1.119.Final/netty-common-4.1.119.Final.jar:/Users/jrudd/.m2/repository/io/netty/netty-buffer/4.1.119.Final/netty-buffer-4.1.119.Final.jar:/Users/jrudd/.m2/repository/io/netty/netty-transport/4.1.119.Final/netty-transport-4.1.119.Final.jar:/Users/jrudd/.m2/repository/io/netty/netty-codec/4.1.119.Final/netty-codec-4.1.119.Final.jar:"/>
    <property name="sun.cpu.endian" value="little"/>
    <property name="user.home" value="/Users/jrudd"/>
    <property name="user.language" value="en"/>
    <property name="java.specification.vendor" value="Oracle Corporation"/>
    <property name="java.version.date" value="2025-04-15"/>
    <property name="java.home" value="/opt/homebrew/Cellar/openjdk/24.0.1/libexec/openjdk.jdk/Contents/Home"/>
    <property name="file.separator" value="/"/>
    <property name="basedir" value="/Users/jrudd/Desktop/TS_ST_REPO/ToolSurvey-StressTesting/ToolSurvey-StressTesting/testing/Gatling/gatling-testing"/>
    <property name="java.vm.compressedOopsMode" value="Zero based"/>
    <property name="line.separator" value="&#10;"/>
    <property name="java.vm.specification.vendor" value="Oracle Corporation"/>
    <property name="java.specification.name" value="Java Platform API Specification"/>
    <property name="apple.awt.application.name" value="ForkedBooter"/>
    <property name="surefire.real.class.path" value="/Users/jrudd/Desktop/TS_ST_REPO/ToolSurvey-StressTesting/ToolSurvey-StressTesting/testing/Gatling/gatling-testing/target/surefire/surefirebooter-20250706214407237_3.jar"/>
    <property name="sun.management.compiler" value="HotSpot 64-Bit Tiered Compilers"/>
    <property name="ftp.nonProxyHosts" value="local|*.local|169.254/16|*.169.254/16"/>
    <property name="java.runtime.version" value="24.0.1"/>
    <property name="user.name" value="jrudd"/>
    <property name="stdout.encoding" value="UTF-8"/>
    <property name="path.separator" value=":"/>
    <property name="os.version" value="14.4.1"/>
    <property name="java.runtime.name" value="OpenJDK Runtime Environment"/>
    <property name="file.encoding" value="UTF-8"/>
    <property name="java.vm.name" value="OpenJDK 64-Bit Server VM"/>
    <property name="java.vendor.version" value="Homebrew"/>
    <property name="localRepository" value="/Users/jrudd/.m2/repository"/>
    <property name="java.vendor.url.bug" value="https://github.com/Homebrew/homebrew-core/issues"/>
    <property name="java.io.tmpdir" value="/var/folders/96/32z7xpr12bdblgnrgh_6_mhw0000gn/T/"/>
    <property name="java.version" value="24.0.1"/>
    <property name="user.dir" value="/Users/jrudd/Desktop/TS_ST_REPO/ToolSurvey-StressTesting/ToolSurvey-StressTesting/testing/Gatling/gatling-testing"/>
    <property name="os.arch" value="aarch64"/>
    <property name="java.vm.specification.name" value="Java Virtual Machine Specification"/>
    <property name="native.encoding" value="UTF-8"/>
    <property name="java.library.path" value="/Users/jrudd/Library/Java/Extensions:/Library/Java/Extensions:/Network/Library/Java/Extensions:/System/Library/Java/Extensions:/usr/lib/java:."/>
    <property name="java.vm.info" value="mixed mode, sharing"/>
    <property name="stderr.encoding" value="UTF-8"/>
    <property name="java.vendor" value="Homebrew"/>
    <property name="java.vm.version" value="24.0.1"/>
    <property name="sun.io.unicode.encoding" value="UnicodeBig"/>
    <property name="socksNonProxyHosts" value="local|*.local|169.254/16|*.169.254/16"/>
    <property name="java.class.version" value="68.0"/>
  </properties>
</testsuite>